<?xml version="1.0" encoding="UTF-8"?>
<testng-results ignored="0" total="1" passed="1" failed="0" skipped="0">
  <reporter-output>
  </reporter-output>
  <suite started-at="2021-05-27T07:18:30 IST" name="Default suite" finished-at="2021-05-27T07:18:31 IST" duration-ms="395">
    <groups>
      <group name="cucumber">
        <method signature="AbstractTestNGCucumberTests.runScenario(io.cucumber.testng.PickleWrapper,io.cucumber.testng.FeatureWrapper)[pri:0, instance:CucumberOptions.TestNGTestRUnner@635eaaf1]" name="runScenario" class="io.cucumber.testng.AbstractTestNGCucumberTests"/>
      </group> <!-- cucumber -->
    </groups>
    <test started-at="2021-05-27T07:18:30 IST" name="Default test" finished-at="2021-05-27T07:18:31 IST" duration-ms="395">
      <class name="CucumberOptions.TestNGTestRUnner">
        <test-method is-config="true" signature="setUpClass()[pri:0, instance:CucumberOptions.TestNGTestRUnner@635eaaf1]" started-at="2021-05-27T07:18:30 IST" name="setUpClass" finished-at="2021-05-27T07:18:30 IST" duration-ms="226" status="PASS">
          <reporter-output>
          </reporter-output>
        </test-method> <!-- setUpClass -->
        <test-method signature="runScenario(io.cucumber.testng.PickleWrapper,io.cucumber.testng.FeatureWrapper)[pri:0, instance:CucumberOptions.TestNGTestRUnner@635eaaf1]" started-at="2021-05-27T07:18:30 IST" name="runScenario" description="Runs Cucumber Scenarios" data-provider="scenarios" finished-at="2021-05-27T07:18:30 IST" duration-ms="122" status="PASS">
          <params>
            <param index="0">
              <value>
                <![CDATA["Home page default login"]]>
              </value>
            </param>
            <param index="1">
              <value>
                <![CDATA["Optional[Application Login]"]]>
              </value>
            </param>
          </params>
          <reporter-output>
          </reporter-output>
        </test-method> <!-- runScenario -->
        <test-method is-config="true" signature="tearDownClass()[pri:0, instance:CucumberOptions.TestNGTestRUnner@635eaaf1]" started-at="2021-05-27T07:18:30 IST" name="tearDownClass" finished-at="2021-05-27T07:18:31 IST" duration-ms="8" status="PASS">
          <reporter-output>
          </reporter-output>
        </test-method> <!-- tearDownClass -->
      </class> <!-- CucumberOptions.TestNGTestRUnner -->
    </test> <!-- Default test -->
  </suite> <!-- Default suite -->
</testng-results>
